<?xml version="1.0" encoding="UTF-8"?>
<testng-results ignored="0" total="1" passed="1" failed="0" skipped="0">
  <reporter-output>
  </reporter-output>
  <suite started-at="2024-10-27T11:44:23 IST" name="Master Suite" finished-at="2024-10-27T11:44:44 IST" duration-ms="20936">
    <groups>
    </groups>
    <test started-at="2024-10-27T11:44:23 IST" name="Test" finished-at="2024-10-27T11:44:44 IST" duration-ms="20936">
      <class name="testCases.TC001_LoginTest">
        <test-method is-config="true" signature="setup(java.lang.String,java.lang.String)[pri:0, instance:testCases.TC001_LoginTest@498d318c]" started-at="2024-10-27T11:44:23 IST" name="setup" finished-at="2024-10-27T11:44:36 IST" duration-ms="13133" status="PASS">
          <params>
            <param index="0">
              <value>
                <![CDATA[Windows]]>
              </value>
            </param>
            <param index="1">
              <value>
                <![CDATA[chrome]]>
              </value>
            </param>
          </params>
          <reporter-output>
          </reporter-output>
        </test-method> <!-- setup -->
        <test-method signature="verify_Login()[pri:0, instance:testCases.TC001_LoginTest@498d318c]" started-at="2024-10-27T11:44:36 IST" name="verify_Login" finished-at="2024-10-27T11:44:43 IST" duration-ms="7094" status="PASS">
          <reporter-output>
          </reporter-output>
        </test-method> <!-- verify_Login -->
        <test-method is-config="true" signature="tearDown()[pri:0, instance:testCases.TC001_LoginTest@498d318c]" started-at="2024-10-27T11:44:43 IST" name="tearDown" finished-at="2024-10-27T11:44:44 IST" duration-ms="260" status="PASS">
          <reporter-output>
          </reporter-output>
        </test-method> <!-- tearDown -->
      </class> <!-- testCases.TC001_LoginTest -->
    </test> <!-- Test -->
  </suite> <!-- Master Suite -->
</testng-results>
